<?xml version="1.0" encoding="UTF-8"?>
<testsuite name="todo.bejjaingiistodo.BejjaingiiSTodoApplicationTests" tests="1" skipped="0" failures="0" errors="0" timestamp="2023-03-07T15:10:37" hostname="gwonmingiui-MacBookPro.local" time="0.079">
  <properties/>
  <testcase name="contextLoads()" classname="todo.bejjaingiistodo.BejjaingiiSTodoApplicationTests" time="0.079"/>
  <system-out><![CDATA[00:10:35.900 [Test worker] DEBUG org.springframework.boot.test.context.SpringBootTestContextBootstrapper - Neither @ContextConfiguration nor @ContextHierarchy found for test class [BejjaingiiSTodoApplicationTests]: using SpringBootContextLoader
00:10:35.903 [Test worker] DEBUG org.springframework.test.context.support.AbstractContextLoader - Could not detect default resource locations for test class [todo.bejjaingiistodo.BejjaingiiSTodoApplicationTests]: no resource found for suffixes {-context.xml, Context.groovy}.
00:10:35.903 [Test worker] INFO org.springframework.test.context.support.AnnotationConfigContextLoaderUtils - Could not detect default configuration classes for test class [todo.bejjaingiistodo.BejjaingiiSTodoApplicationTests]: BejjaingiiSTodoApplicationTests does not declare any static, non-private, non-final, nested classes annotated with @Configuration.
00:10:35.915 [Test worker] DEBUG org.springframework.boot.test.context.SpringBootTestContextBootstrapper - Using ContextCustomizers for test class [BejjaingiiSTodoApplicationTests]: [DisableObservabilityContextCustomizer, PropertyMappingContextCustomizer, Customizer, ExcludeFilterContextCustomizer, DuplicateJsonObjectContextCustomizer, MockitoContextCustomizer, TestRestTemplateContextCustomizer]
00:10:35.945 [Test worker] DEBUG org.springframework.context.annotation.ClassPathScanningCandidateComponentProvider - Identified candidate component class: file [/Users/kwonmingi/dev/Bejjangii_todo/build/classes/java/main/todo/bejjaingiistodo/BejjaingiiSTodoApplication.class]
00:10:35.946 [Test worker] INFO org.springframework.boot.test.context.SpringBootTestContextBootstrapper - Found @SpringBootConfiguration todo.bejjaingiistodo.BejjaingiiSTodoApplication for test class todo.bejjaingiistodo.BejjaingiiSTodoApplicationTests
00:10:35.991 [Test worker] DEBUG org.springframework.boot.test.context.SpringBootTestContextBootstrapper - Using TestExecutionListeners for test class [BejjaingiiSTodoApplicationTests]: [ServletTestExecutionListener, DirtiesContextBeforeModesTestExecutionListener, ApplicationEventsTestExecutionListener, MockitoTestExecutionListener, DependencyInjectionTestExecutionListener, DirtiesContextTestExecutionListener, TransactionalTestExecutionListener, SqlScriptsTestExecutionListener, EventPublishingTestExecutionListener, RestDocsTestExecutionListener, MockRestServiceServerResetTestExecutionListener, MockMvcPrintOnlyOnFailureTestExecutionListener, WebDriverTestExecutionListener, MockWebServiceServerTestExecutionListener, ResetMocksTestExecutionListener]
00:10:35.991 [Test worker] DEBUG org.springframework.test.context.support.AbstractDirtiesContextTestExecutionListener - Before test class: class [BejjaingiiSTodoApplicationTests], class annotated with @DirtiesContext [false] with mode [null]

  .   ____          _            __ _ _
 /\\ / ___'_ __ _ _(_)_ __  __ _ \ \ \ \
( ( )\___ | '_ | '_| | '_ \/ _` | \ \ \ \
 \\/  ___)| |_)| | | | | || (_| |  ) ) ) )
  '  |____| .__|_| |_|_| |_\__, | / / / /
 =========|_|==============|___/=/_/_/_/
 :: Spring Boot ::                (v3.0.2)

2023-03-08T00:10:36.139+09:00  INFO 54473 --- [    Test worker] t.b.BejjaingiiSTodoApplicationTests      : Starting BejjaingiiSTodoApplicationTests using Java 19.0.2 with PID 54473 (started by kwonmingi in /Users/kwonmingi/dev/Bejjangii_todo)
2023-03-08T00:10:36.140+09:00  INFO 54473 --- [    Test worker] t.b.BejjaingiiSTodoApplicationTests      : No active profile set, falling back to 1 default profile: "default"
2023-03-08T00:10:36.414+09:00  INFO 54473 --- [    Test worker] .s.d.r.c.RepositoryConfigurationDelegate : Bootstrapping Spring Data JPA repositories in DEFAULT mode.
2023-03-08T00:10:36.423+09:00  INFO 54473 --- [    Test worker] .s.d.r.c.RepositoryConfigurationDelegate : Finished Spring Data repository scanning in 5 ms. Found 0 JPA repository interfaces.
2023-03-08T00:10:36.595+09:00  INFO 54473 --- [    Test worker] com.zaxxer.hikari.HikariDataSource       : HikariPool-1 - Starting...
2023-03-08T00:10:36.676+09:00  INFO 54473 --- [    Test worker] com.zaxxer.hikari.pool.HikariPool        : HikariPool-1 - Added connection conn0: url=jdbc:h2:mem:c023c23f-e543-49e6-9a61-5041d7cb14dd user=SA
2023-03-08T00:10:36.677+09:00  INFO 54473 --- [    Test worker] com.zaxxer.hikari.HikariDataSource       : HikariPool-1 - Start completed.
2023-03-08T00:10:36.698+09:00  INFO 54473 --- [    Test worker] o.hibernate.jpa.internal.util.LogHelper  : HHH000204: Processing PersistenceUnitInfo [name: default]
2023-03-08T00:10:36.714+09:00  INFO 54473 --- [    Test worker] org.hibernate.Version                    : HHH000412: Hibernate ORM core version 6.1.6.Final
2023-03-08T00:10:36.779+09:00  WARN 54473 --- [    Test worker] org.hibernate.orm.deprecation            : HHH90000021: Encountered deprecated setting [javax.persistence.sharedCache.mode], use [jakarta.persistence.sharedCache.mode] instead
2023-03-08T00:10:36.832+09:00  INFO 54473 --- [    Test worker] SQL dialect                              : HHH000400: Using dialect: org.hibernate.dialect.H2Dialect
2023-03-08T00:10:37.122+09:00  INFO 54473 --- [    Test worker] o.h.e.t.j.p.i.JtaPlatformInitiator       : HHH000490: Using JtaPlatform implementation: [org.hibernate.engine.transaction.jta.platform.internal.NoJtaPlatform]
2023-03-08T00:10:37.126+09:00  INFO 54473 --- [    Test worker] j.LocalContainerEntityManagerFactoryBean : Initialized JPA EntityManagerFactory for persistence unit 'default'
2023-03-08T00:10:37.198+09:00  WARN 54473 --- [    Test worker] JpaBaseConfiguration$JpaWebConfiguration : spring.jpa.open-in-view is enabled by default. Therefore, database queries may be performed during view rendering. Explicitly configure spring.jpa.open-in-view to disable this warning
2023-03-08T00:10:37.325+09:00  WARN 54473 --- [    Test worker] ion$DefaultTemplateResolverConfiguration : Cannot find template location: classpath:/templates/ (please add some templates, check your Thymeleaf configuration, or set spring.thymeleaf.check-template-location=false)
2023-03-08T00:10:37.378+09:00  INFO 54473 --- [    Test worker] t.b.BejjaingiiSTodoApplicationTests      : Started BejjaingiiSTodoApplicationTests in 1.368 seconds (process running for 1.814)
]]></system-out>
  <system-err><![CDATA[]]></system-err>
</testsuite>
